  Building Custom Rule D:/Github/Metahuman-DNA-Calibration/MetaHuman-DNA-Calibration/dnacalib/DNACalib/CMakeLists.txt
  LODConstraint.cpp
  LODMapping.cpp
  Reader.cpp
  Writer.cpp
  BinaryStreamReaderImpl.cpp
  BinaryStreamWriterImpl.cpp
  FilteredInputArchive.cpp
  JSONStreamReaderImpl.cpp
  JSONStreamWriterImpl.cpp
  StreamReader.cpp
  StreamWriter.cpp
  Command.cpp
  CalculateMeshLowerLODsCommand.cpp
  ClearBlendShapesCommand.cpp
  CommandSequence.cpp
  PruneBlendShapeTargetsCommand.cpp
  RemoveAnimatedMapCommand.cpp
  RemoveBlendShapeCommand.cpp
  RemoveJointAnimationCommand.cpp
  RemoveJointCommand.cpp
  RemoveMeshCommand.cpp
  RenameAnimatedMapCommand.cpp
  Generating Code...
  Compiling...
  RenameBlendShapeCommand.cpp
  RenameJointCommand.cpp
  RenameMeshCommand.cpp
  RotateCommand.cpp
  ScaleCommand.cpp
  SetBlendShapeTargetDeltasCommand.cpp
  SetLODsCommand.cpp
  SetNeutralJointRotationsCommand.cpp
  SetNeutralJointTranslationsCommand.cpp
  SetSkinWeightsCommand.cpp
  SetVertexPositionsCommand.cpp
  TranslateCommand.cpp
  DNACalibDNAReaderImpl.cpp
  Triangle.cpp
  UVBarycentricMapping.cpp
  VersionInfo.cpp
  MemoryResource.cpp
  AlignedMemoryResource.cpp
  ArenaMemoryResource.cpp
  DefaultMemoryResource.cpp
  Generating Code...
  Compiling...
  Provider.cpp
  Registry.cpp
  Status.cpp
  Storage.cpp
  Concepts.cpp
  Stream.cpp
  FileStreamImpl.cpp
  MemoryMappedFileStream.cpp
  MemoryMappedFileStreamFallback.cpp
  MemoryMappedFileStreamUnix.cpp
  MemoryMappedFileStreamWindows.cpp
  MemoryStreamImpl.cpp
  StreamStatus.cpp
  Generating Code...
  AnimatedMapFilter.cpp
  BlendShapeFilter.cpp
  JointFilter.cpp
  MeshFilter.cpp
  LODConstraint.cpp
  LODMapping.cpp
  AnimatedMapFilter.cpp
  BlendShapeFilter.cpp
  JointFilter.cpp
  MeshFilter.cpp
  dnacalib.vcxproj -> D:\Github\Metahuman-DNA-Calibration\MetaHuman-DNA-Calibration\dnacalib\build\DNACalib\Release\dnacalib.lib
